{
  "stats": {
    "suites": 1,
    "tests": 1,
    "passes": 0,
    "pending": 0,
    "failures": 1,
    "start": "2026-06-10T08:57:51.974Z",
    "end": "2026-06-10T08:58:06.076Z",
    "duration": 14102,
    "testsRegistered": 32,
    "passPercent": 0,
    "pendingPercent": 0,
    "other": 0,
    "hasOther": false,
    "skipped": 31,
    "hasSkipped": true
  },
  "results": [
    {
      "uuid": "baa6dadd-8385-4d99-8842-90ad627274d6",
      "title": "",
      "fullFile": "cypress\\e2e\\schedule\\MJ_Coordination\\Files.cy.js",
      "file": "cypress\\e2e\\schedule\\MJ_Coordination\\Files.cy.js",
      "beforeHooks": [],
      "afterHooks": [],
      "tests": [],
      "suites": [
        {
          "uuid": "dafdf1a4-ccc7-4180-8314-37fa015e443a",
          "title": "Coordination - Files",
          "fullFile": "",
          "file": "",
          "beforeHooks": [],
          "afterHooks": [],
          "tests": [
            {
              "title": "Step 1: Upload a single file and verify",
              "fullTitle": "Coordination - Files Step 1: Upload a single file and verify",
              "timedOut": null,
              "duration": 13701,
              "state": "failed",
              "speed": null,
              "pass": false,
              "fail": true,
              "pending": false,
              "context": "{\n  \"title\": \"cypress-mochawesome-reporter-screenshots\",\n  \"value\": [\n    [\n      \"\\\\MJ_Coordination\\\\Files.cy.js\\\\Coordination - Files -- Step 1 Upload a single file and verify -- before all hook (failed).png\"\n    ]\n  ]\n}",
              "code": "_CoordinationFilesPage.default.uploadSingleFile(SINGLE_FILE);\n_CoordinationFilesPage.default.verifyFileExists(\"SingleTestFile\");",
              "err": {
                "message": "AssertionError: Timed out retrying after 10000ms: expected 'https://staging.plantobuild.online/account/login' to not include '/login'\n\nBecause this error occurred during a `before all` hook we are skipping the remaining tests in the current suite: `Coordination - Files`",
                "estack": "AssertionError: Timed out retrying after 10000ms: expected 'https://staging.plantobuild.online/account/login' to not include '/login'\n\nBecause this error occurred during a `before all` hook we are skipping the remaining tests in the current suite: `Coordination - Files`\n    at LoginPage.login (webpack://ptb_auto/./cypress/pages/LoginPage.js:24:13)\n    at Context.eval (webpack://ptb_auto/./cypress/e2e/schedule/MJ_Coordination/Files.cy.js:41:16)\n    at getRet (https://staging.plantobuild.online/__cypress/runner/cypress_runner.js:122944:20)\n    at tryCatcher (https://staging.plantobuild.online/__cypress/runner/cypress_runner.js:1777:23)\n    at Promise.attempt.Promise.try (https://staging.plantobuild.online/__cypress/runner/cypress_runner.js:4285:29)\n    at Context.thenFn (https://staging.plantobuild.online/__cypress/runner/cypress_runner.js:122955:66)\n    at Context.then (https://staging.plantobuild.online/__cypress/runner/cypress_runner.js:123206:21)\n    at wrapped (https://staging.plantobuild.online/__cypress/runner/cypress_runner.js:146482:19)",
                "diff": null
              },
              "uuid": "c529bcdb-3ea9-4c07-979b-8279a06881b1",
              "parentUUID": "dafdf1a4-ccc7-4180-8314-37fa015e443a",
              "isHook": false,
              "skipped": false
            },
            {
              "title": "Step 2: Upload multiple files and verify",
              "fullTitle": "Coordination - Files Step 2: Upload multiple files and verify",
              "timedOut": null,
              "duration": 0,
              "state": "skipped",
              "speed": null,
              "pass": false,
              "fail": false,
              "pending": false,
              "context": null,
              "code": "_CoordinationFilesPage.default.uploadMultipleFiles(MULTIPLE_FILES);\n_CoordinationFilesPage.default.verifyFileExists(\"TestFile1\");\n_CoordinationFilesPage.default.verifyFileExists(\"TestFile2\");\n_CoordinationFilesPage.default.verifyFileExists(\"TestFile3\");",
              "err": {},
              "uuid": "60172c60-8bac-46a6-8160-2e5da3bd14fd",
              "parentUUID": "dafdf1a4-ccc7-4180-8314-37fa015e443a",
              "isHook": false,
              "skipped": true
            },
            {
              "title": "Step 3: Open an uploaded file and verify it opens",
              "fullTitle": "Coordination - Files Step 3: Open an uploaded file and verify it opens",
              "timedOut": null,
              "duration": 0,
              "state": "skipped",
              "speed": null,
              "pass": false,
              "fail": false,
              "pending": false,
              "context": null,
              "code": "_CoordinationFilesPage.default.openFirstFile();\n_CoordinationFilesPage.default.verifyFileIsOpen();",
              "err": {},
              "uuid": "d023bbf3-fea9-4777-ba13-6dd9e19f5ba8",
              "parentUUID": "dafdf1a4-ccc7-4180-8314-37fa015e443a",
              "isHook": false,
              "skipped": true
            },
            {
              "title": "Step 4: Close the file tab and go back to files list",
              "fullTitle": "Coordination - Files Step 4: Close the file tab and go back to files list",
              "timedOut": null,
              "duration": 0,
              "state": "skipped",
              "speed": null,
              "pass": false,
              "fail": false,
              "pending": false,
              "context": null,
              "code": "cy.go(\"back\");\ncy.wait(5000);",
              "err": {},
              "uuid": "2af0f831-2ae3-4418-8697-30d7b155872d",
              "parentUUID": "dafdf1a4-ccc7-4180-8314-37fa015e443a",
              "isHook": false,
              "skipped": true
            },
            {
              "title": "Step 4a: Modify SingleTestFile.txt and re-upload it",
              "fullTitle": "Coordination - Files Step 4a: Modify SingleTestFile.txt and re-upload it",
              "timedOut": null,
              "duration": 0,
              "state": "skipped",
              "speed": null,
              "pass": false,
              "fail": false,
              "pending": false,
              "context": null,
              "code": "cy.writeFile(SINGLE_FILE_PATH, MODIFIED_CONTENT);\n_CoordinationFilesPage.default.uploadSingleFile(SINGLE_FILE);\n_CoordinationFilesPage.default.verifyFileExists(\"SingleTestFile\");",
              "err": {},
              "uuid": "e007acb8-36ad-486e-bdb5-1880bda3bb66",
              "parentUUID": "dafdf1a4-ccc7-4180-8314-37fa015e443a",
              "isHook": false,
              "skipped": true
            },
            {
              "title": "Step 4b: Open the file, select V1 and close",
              "fullTitle": "Coordination - Files Step 4b: Open the file, select V1 and close",
              "timedOut": null,
              "duration": 0,
              "state": "skipped",
              "speed": null,
              "pass": false,
              "fail": false,
              "pending": false,
              "context": null,
              "code": "_CoordinationFilesPage.default.openFirstFile();\n_CoordinationFilesPage.default.verifyFileIsOpen();\n_CoordinationFilesPage.default.selectVersion(\"V 1\");\ncy.go(\"back\");\ncy.wait(5000);",
              "err": {},
              "uuid": "aa01a301-6d32-49ea-9219-c75889570840",
              "parentUUID": "dafdf1a4-ccc7-4180-8314-37fa015e443a",
              "isHook": false,
              "skipped": true
            },
            {
              "title": "Step 5: Upload a folder with multiple folders and files",
              "fullTitle": "Coordination - Files Step 5: Upload a folder with multiple folders and files",
              "timedOut": null,
              "duration": 0,
              "state": "skipped",
              "speed": null,
              "pass": false,
              "fail": false,
              "pending": false,
              "context": null,
              "code": "_CoordinationFilesPage.default.uploadFolder(UPLOAD_FOLDER_FILES);\n_CoordinationFilesPage.default.verifyFolderExists(\"upload-test-folder\");",
              "err": {},
              "uuid": "ba9ef0e3-502c-4b9b-bd89-5a2d50b2087b",
              "parentUUID": "dafdf1a4-ccc7-4180-8314-37fa015e443a",
              "isHook": false,
              "skipped": true
            },
            {
              "title": "Step 6: Open uploaded folder and verify contents",
              "fullTitle": "Coordination - Files Step 6: Open uploaded folder and verify contents",
              "timedOut": null,
              "duration": 0,
              "state": "skipped",
              "speed": null,
              "pass": false,
              "fail": false,
              "pending": false,
              "context": null,
              "code": "_CoordinationFilesPage.default.openFolderByName(\"upload-test-folder\");\n_CoordinationFilesPage.default.verifyFolderExists(\"SubFolder1\");\n_CoordinationFilesPage.default.verifyFolderExists(\"SubFolder2\");\n_CoordinationFilesPage.default.verifyFileExists(\"FolderFile1\");\n// Navigate back to root\n_CoordinationFilesPage.default.navigateToRootFolder();",
              "err": {},
              "uuid": "a8a20533-3d8c-44ca-a5e0-7a08200e224a",
              "parentUUID": "dafdf1a4-ccc7-4180-8314-37fa015e443a",
              "isHook": false,
              "skipped": true
            },
            {
              "title": "Step 7: Import a folder structure template",
              "fullTitle": "Coordination - Files Step 7: Import a folder structure template",
              "timedOut": null,
              "duration": 0,
              "state": "skipped",
              "speed": null,
              "pass": false,
              "fail": false,
              "pending": false,
              "context": null,
              "code": "_CoordinationFilesPage.default.importTemplate();\n_CoordinationFilesPage.default.selectTemplateBySearch(\"Test_MJ2\");\n_CoordinationFilesPage.default.expandTemplateFolder();\n_CoordinationFilesPage.default.selectAllTemplateFolders();\n_CoordinationFilesPage.default.clickImport();\n// Template import takes time, reload to verify\n_CoordinationFilesPage.default.reloadPage();",
              "err": {},
              "uuid": "a27801ab-6605-4194-a34c-2a3a49338600",
              "parentUUID": "dafdf1a4-ccc7-4180-8314-37fa015e443a",
              "isHook": false,
              "skipped": true
            },
            {
              "title": "Step 8: Click Download to get the download link",
              "fullTitle": "Coordination - Files Step 8: Click Download to get the download link",
              "timedOut": null,
              "duration": 0,
              "state": "skipped",
              "speed": null,
              "pass": false,
              "fail": false,
              "pending": false,
              "context": null,
              "code": "_CoordinationFilesPage.default.selectFirstFile();\n_CoordinationFilesPage.default.clickDownload();\n// Download triggers an email with the link\ncy.wait(3000);",
              "err": {},
              "uuid": "5bde4f44-8f5d-4e3e-b3c3-74b026b49b17",
              "parentUUID": "dafdf1a4-ccc7-4180-8314-37fa015e443a",
              "isHook": false,
              "skipped": true
            },
            {
              "title": "Step 9: Create a new folder",
              "fullTitle": "Coordination - Files Step 9: Create a new folder",
              "timedOut": null,
              "duration": 0,
              "state": "skipped",
              "speed": null,
              "pass": false,
              "fail": false,
              "pending": false,
              "context": null,
              "code": "_CoordinationFilesPage.default.createNewFolder(NEW_FOLDER_NAME);\n_CoordinationFilesPage.default.verifyFolderExists(NEW_FOLDER_NAME);",
              "err": {},
              "uuid": "43600d97-10ea-430c-b93c-5320156450ad",
              "parentUUID": "dafdf1a4-ccc7-4180-8314-37fa015e443a",
              "isHook": false,
              "skipped": true
            },
            {
              "title": "Step 10: Open new folder and upload folder with files",
              "fullTitle": "Coordination - Files Step 10: Open new folder and upload folder with files",
              "timedOut": null,
              "duration": 0,
              "state": "skipped",
              "speed": null,
              "pass": false,
              "fail": false,
              "pending": false,
              "context": null,
              "code": "_CoordinationFilesPage.default.openFolderByName(NEW_FOLDER_NAME);\n_CoordinationFilesPage.default.uploadFolder(UPLOAD_FOLDER_FILES);\n_CoordinationFilesPage.default.verifyFolderExists(\"upload-test-folder\");",
              "err": {},
              "uuid": "73625f7f-4ce2-46db-93f5-68d9869ad1d6",
              "parentUUID": "dafdf1a4-ccc7-4180-8314-37fa015e443a",
              "isHook": false,
              "skipped": true
            },
            {
              "title": "Step 11: Upload separate files in the new folder",
              "fullTitle": "Coordination - Files Step 11: Upload separate files in the new folder",
              "timedOut": null,
              "duration": 0,
              "state": "skipped",
              "speed": null,
              "pass": false,
              "fail": false,
              "pending": false,
              "context": null,
              "code": "_CoordinationFilesPage.default.uploadMultipleFiles(MULTIPLE_FILES);\ncy.wait(3000);",
              "err": {},
              "uuid": "95b8500c-e642-4eff-af21-7147318fa3ae",
              "parentUUID": "dafdf1a4-ccc7-4180-8314-37fa015e443a",
              "isHook": false,
              "skipped": true
            },
            {
              "title": "Step 12: Verify folder and files are uploaded in the new folder",
              "fullTitle": "Coordination - Files Step 12: Verify folder and files are uploaded in the new folder",
              "timedOut": null,
              "duration": 0,
              "state": "skipped",
              "speed": null,
              "pass": false,
              "fail": false,
              "pending": false,
              "context": null,
              "code": "_CoordinationFilesPage.default.verifyFolderExists(\"upload-test-folder\");\n_CoordinationFilesPage.default.verifyFileExists(\"TestFile1\");\n_CoordinationFilesPage.default.verifyFileExists(\"TestFile2\");\n_CoordinationFilesPage.default.verifyFileExists(\"TestFile3\");\n// Navigate back to root\n_CoordinationFilesPage.default.navigateToRootFolder();",
              "err": {},
              "uuid": "e058cb96-00f9-40e9-b039-1711e36a895b",
              "parentUUID": "dafdf1a4-ccc7-4180-8314-37fa015e443a",
              "isHook": false,
              "skipped": true
            },
            {
              "title": "Step 13: Click Share and select Only Files",
              "fullTitle": "Coordination - Files Step 13: Click Share and select Only Files",
              "timedOut": null,
              "duration": 0,
              "state": "skipped",
              "speed": null,
              "pass": false,
              "fail": false,
              "pending": false,
              "context": null,
              "code": "_CoordinationFilesPage.default.clickShare();\n_CoordinationFilesPage.default.selectOnlyFiles();\n_CoordinationFilesPage.default.clickShareNext();",
              "err": {},
              "uuid": "0b4370d2-42c0-430a-a4e8-d222bb7c9dfe",
              "parentUUID": "dafdf1a4-ccc7-4180-8314-37fa015e443a",
              "isHook": false,
              "skipped": true
            },
            {
              "title": "Step 14: Expand all folders and select the last file",
              "fullTitle": "Coordination - Files Step 14: Expand all folders and select the last file",
              "timedOut": null,
              "duration": 0,
              "state": "skipped",
              "speed": null,
              "pass": false,
              "fail": false,
              "pending": false,
              "context": null,
              "code": "_CoordinationFilesPage.default.selectDocumentFileCheckbox();\n_CoordinationFilesPage.default.clickShareNext();",
              "err": {},
              "uuid": "51a7a6b6-e0d0-4a44-a86f-34f550b0f935",
              "parentUUID": "dafdf1a4-ccc7-4180-8314-37fa015e443a",
              "isHook": false,
              "skipped": true
            },
            {
              "title": "Step 15: Enter share title, password, expiration date and enable download link",
              "fullTitle": "Coordination - Files Step 15: Enter share title, password, expiration date and enable download link",
              "timedOut": null,
              "duration": 0,
              "state": "skipped",
              "speed": null,
              "pass": false,
              "fail": false,
              "pending": false,
              "context": null,
              "code": "const expirationDate = _CoordinationFilesPage.default.getExpirationDateString(5);\n_CoordinationFilesPage.default.enterShareTitle(SHARE_TITLE);\n_CoordinationFilesPage.default.enterSharePassword(SHARE_PASSWORD);\n_CoordinationFilesPage.default.setExpirationDate(expirationDate);\n_CoordinationFilesPage.default.enableIncludeDownloadLink();\n_CoordinationFilesPage.default.clickShareNext();",
              "err": {},
              "uuid": "bedd6ab4-8fe0-4bbb-8b61-d8b2b8b30d3e",
              "parentUUID": "dafdf1a4-ccc7-4180-8314-37fa015e443a",
              "isHook": false,
              "skipped": true
            },
            {
              "title": "Step 16: Click Get Shareable Link tab then Next to Review",
              "fullTitle": "Coordination - Files Step 16: Click Get Shareable Link tab then Next to Review",
              "timedOut": null,
              "duration": 0,
              "state": "skipped",
              "speed": null,
              "pass": false,
              "fail": false,
              "pending": false,
              "context": null,
              "code": "_CoordinationFilesPage.default.clickGetShareableLinkTab();\n_CoordinationFilesPage.default.clickShareNext();",
              "err": {},
              "uuid": "7bc69e28-4c86-485f-855b-ac659fc3420d",
              "parentUUID": "dafdf1a4-ccc7-4180-8314-37fa015e443a",
              "isHook": false,
              "skipped": true
            },
            {
              "title": "Step 17: Verify Share Review - password and expiration date",
              "fullTitle": "Coordination - Files Step 17: Verify Share Review - password and expiration date",
              "timedOut": null,
              "duration": 0,
              "state": "skipped",
              "speed": null,
              "pass": false,
              "fail": false,
              "pending": false,
              "context": null,
              "code": "_CoordinationFilesPage.default.verifyShareReviewInfo();",
              "err": {},
              "uuid": "a26e51a7-fd37-4a15-a540-0aa57e2637ff",
              "parentUUID": "dafdf1a4-ccc7-4180-8314-37fa015e443a",
              "isHook": false,
              "skipped": true
            },
            {
              "title": "Step 18: Click Documents tab and verify document",
              "fullTitle": "Coordination - Files Step 18: Click Documents tab and verify document",
              "timedOut": null,
              "duration": 0,
              "state": "skipped",
              "speed": null,
              "pass": false,
              "fail": false,
              "pending": false,
              "context": null,
              "code": "_CoordinationFilesPage.default.clickDocumentsTab();\n_CoordinationFilesPage.default.verifyDocumentInReview();",
              "err": {},
              "uuid": "52d463f3-f359-45ff-97fb-00e073dd4db2",
              "parentUUID": "dafdf1a4-ccc7-4180-8314-37fa015e443a",
              "isHook": false,
              "skipped": true
            },
            {
              "title": "Step 19: Share via PTB",
              "fullTitle": "Coordination - Files Step 19: Share via PTB",
              "timedOut": null,
              "duration": 0,
              "state": "skipped",
              "speed": null,
              "pass": false,
              "fail": false,
              "pending": false,
              "context": null,
              "code": "_CoordinationFilesPage.default.clickShareViaPTB();",
              "err": {},
              "uuid": "f4ef1dad-ccd6-49ec-b261-02e779db296e",
              "parentUUID": "dafdf1a4-ccc7-4180-8314-37fa015e443a",
              "isHook": false,
              "skipped": true
            },
            {
              "title": "Step 20: Dismiss any leftover modal",
              "fullTitle": "Coordination - Files Step 20: Dismiss any leftover modal",
              "timedOut": null,
              "duration": 0,
              "state": "skipped",
              "speed": null,
              "pass": false,
              "fail": false,
              "pending": false,
              "context": null,
              "code": "_CoordinationFilesPage.default.dismissModalIfPresent();",
              "err": {},
              "uuid": "539b2d06-bc93-49ef-871b-654e88fb705c",
              "parentUUID": "dafdf1a4-ccc7-4180-8314-37fa015e443a",
              "isHook": false,
              "skipped": true
            },
            {
              "title": "Step 21: Click Share again and select Folders & Files",
              "fullTitle": "Coordination - Files Step 21: Click Share again and select Folders & Files",
              "timedOut": null,
              "duration": 0,
              "state": "skipped",
              "speed": null,
              "pass": false,
              "fail": false,
              "pending": false,
              "context": null,
              "code": "_CoordinationFilesPage.default.clickShare();\n_CoordinationFilesPage.default.selectFoldersAndFiles();\n_CoordinationFilesPage.default.clickShareNext();",
              "err": {},
              "uuid": "396f6743-fe7d-41e0-b729-837a12eb419d",
              "parentUUID": "dafdf1a4-ccc7-4180-8314-37fa015e443a",
              "isHook": false,
              "skipped": true
            },
            {
              "title": "Step 22: Expand document tree and select a folder",
              "fullTitle": "Coordination - Files Step 22: Expand document tree and select a folder",
              "timedOut": null,
              "duration": 0,
              "state": "skipped",
              "speed": null,
              "pass": false,
              "fail": false,
              "pending": false,
              "context": null,
              "code": "_CoordinationFilesPage.default.selectDocumentFolderCheckbox();\n_CoordinationFilesPage.default.clickShareNext();",
              "err": {},
              "uuid": "4cf4a688-d470-442d-8473-74ee347dc224",
              "parentUUID": "dafdf1a4-ccc7-4180-8314-37fa015e443a",
              "isHook": false,
              "skipped": true
            },
            {
              "title": "Step 23: Enter share settings for Folders & Files",
              "fullTitle": "Coordination - Files Step 23: Enter share settings for Folders & Files",
              "timedOut": null,
              "duration": 0,
              "state": "skipped",
              "speed": null,
              "pass": false,
              "fail": false,
              "pending": false,
              "context": null,
              "code": "const shareTitle2 = `ShareFF-${Date.now()}`;\nconst expirationDate = _CoordinationFilesPage.default.getExpirationDateString(5);\n_CoordinationFilesPage.default.enterShareTitle(shareTitle2);\n_CoordinationFilesPage.default.enterSharePassword(SHARE_PASSWORD);\n_CoordinationFilesPage.default.setExpirationDate(expirationDate);\n_CoordinationFilesPage.default.enableIncludeDownloadLink();\n_CoordinationFilesPage.default.clickShareNext();",
              "err": {},
              "uuid": "0b53329a-b525-493f-8d31-de7221de51be",
              "parentUUID": "dafdf1a4-ccc7-4180-8314-37fa015e443a",
              "isHook": false,
              "skipped": true
            },
            {
              "title": "Step 24: Click Get Shareable Link tab then Next to Review for Folders & Files",
              "fullTitle": "Coordination - Files Step 24: Click Get Shareable Link tab then Next to Review for Folders & Files",
              "timedOut": null,
              "duration": 0,
              "state": "skipped",
              "speed": null,
              "pass": false,
              "fail": false,
              "pending": false,
              "context": null,
              "code": "_CoordinationFilesPage.default.clickGetShareableLinkTab();\n_CoordinationFilesPage.default.clickShareNext();",
              "err": {},
              "uuid": "1e786009-767e-4f27-a77f-c8cf519800f2",
              "parentUUID": "dafdf1a4-ccc7-4180-8314-37fa015e443a",
              "isHook": false,
              "skipped": true
            },
            {
              "title": "Step 25: Verify Share Review for Folders & Files",
              "fullTitle": "Coordination - Files Step 25: Verify Share Review for Folders & Files",
              "timedOut": null,
              "duration": 0,
              "state": "skipped",
              "speed": null,
              "pass": false,
              "fail": false,
              "pending": false,
              "context": null,
              "code": "_CoordinationFilesPage.default.verifyShareReviewInfo();\n_CoordinationFilesPage.default.clickDocumentsTab();\n_CoordinationFilesPage.default.verifyDocumentInReview();\n_CoordinationFilesPage.default.clickShareViaPTB();",
              "err": {},
              "uuid": "da6a3083-7c32-43c5-9d61-cbfc523ed899",
              "parentUUID": "dafdf1a4-ccc7-4180-8314-37fa015e443a",
              "isHook": false,
              "skipped": true
            },
            {
              "title": "Step 25b: Dismiss any leftover modal",
              "fullTitle": "Coordination - Files Step 25b: Dismiss any leftover modal",
              "timedOut": null,
              "duration": 0,
              "state": "skipped",
              "speed": null,
              "pass": false,
              "fail": false,
              "pending": false,
              "context": null,
              "code": "_CoordinationFilesPage.default.dismissModalIfPresent();",
              "err": {},
              "uuid": "6d73f001-1461-4780-948f-bf5ae35397f7",
              "parentUUID": "dafdf1a4-ccc7-4180-8314-37fa015e443a",
              "isHook": false,
              "skipped": true
            },
            {
              "title": "Step 26: Select the uploaded folder and rename it",
              "fullTitle": "Coordination - Files Step 26: Select the uploaded folder and rename it",
              "timedOut": null,
              "duration": 0,
              "state": "skipped",
              "speed": null,
              "pass": false,
              "fail": false,
              "pending": false,
              "context": null,
              "code": "_CoordinationFilesPage.default.selectFolderByName(\"upload-test-folder\");\n_CoordinationFilesPage.default.renameSelectedItem(RENAME_FOLDER);\n_CoordinationFilesPage.default.verifyFolderExists(RENAME_FOLDER);",
              "err": {},
              "uuid": "5665bda6-d5ee-4574-9896-c984cbdcc25e",
              "parentUUID": "dafdf1a4-ccc7-4180-8314-37fa015e443a",
              "isHook": false,
              "skipped": true
            },
            {
              "title": "Step 27: Select an uploaded file and rename it",
              "fullTitle": "Coordination - Files Step 27: Select an uploaded file and rename it",
              "timedOut": null,
              "duration": 0,
              "state": "skipped",
              "speed": null,
              "pass": false,
              "fail": false,
              "pending": false,
              "context": null,
              "code": "_CoordinationFilesPage.default.selectFirstFile();\n_CoordinationFilesPage.default.renameSelectedItem(RENAME_FILE);\n_CoordinationFilesPage.default.verifyFileExists(RENAME_FILE);",
              "err": {},
              "uuid": "ba2b148d-5d83-4031-ae69-2931fd8c20bf",
              "parentUUID": "dafdf1a4-ccc7-4180-8314-37fa015e443a",
              "isHook": false,
              "skipped": true
            },
            {
              "title": "Step 28: Delete all files one by one",
              "fullTitle": "Coordination - Files Step 28: Delete all files one by one",
              "timedOut": null,
              "duration": 0,
              "state": "skipped",
              "speed": null,
              "pass": false,
              "fail": false,
              "pending": false,
              "context": null,
              "code": "_CoordinationFilesPage.default.deleteAllFiles();",
              "err": {},
              "uuid": "7d29fef8-d888-4e91-8002-b307e0a0c2d0",
              "parentUUID": "dafdf1a4-ccc7-4180-8314-37fa015e443a",
              "isHook": false,
              "skipped": true
            },
            {
              "title": "Step 29: Delete all folders one by one",
              "fullTitle": "Coordination - Files Step 29: Delete all folders one by one",
              "timedOut": null,
              "duration": 0,
              "state": "skipped",
              "speed": null,
              "pass": false,
              "fail": false,
              "pending": false,
              "context": null,
              "code": "_CoordinationFilesPage.default.deleteAllFolders();",
              "err": {},
              "uuid": "676f7527-22c0-449a-9973-8cc85fb478a3",
              "parentUUID": "dafdf1a4-ccc7-4180-8314-37fa015e443a",
              "isHook": false,
              "skipped": true
            }
          ],
          "suites": [],
          "passes": [],
          "failures": [
            "c529bcdb-3ea9-4c07-979b-8279a06881b1"
          ],
          "pending": [],
          "skipped": [
            "60172c60-8bac-46a6-8160-2e5da3bd14fd",
            "d023bbf3-fea9-4777-ba13-6dd9e19f5ba8",
            "2af0f831-2ae3-4418-8697-30d7b155872d",
            "e007acb8-36ad-486e-bdb5-1880bda3bb66",
            "aa01a301-6d32-49ea-9219-c75889570840",
            "ba9ef0e3-502c-4b9b-bd89-5a2d50b2087b",
            "a8a20533-3d8c-44ca-a5e0-7a08200e224a",
            "a27801ab-6605-4194-a34c-2a3a49338600",
            "5bde4f44-8f5d-4e3e-b3c3-74b026b49b17",
            "43600d97-10ea-430c-b93c-5320156450ad",
            "73625f7f-4ce2-46db-93f5-68d9869ad1d6",
            "95b8500c-e642-4eff-af21-7147318fa3ae",
            "e058cb96-00f9-40e9-b039-1711e36a895b",
            "0b4370d2-42c0-430a-a4e8-d222bb7c9dfe",
            "51a7a6b6-e0d0-4a44-a86f-34f550b0f935",
            "bedd6ab4-8fe0-4bbb-8b61-d8b2b8b30d3e",
            "7bc69e28-4c86-485f-855b-ac659fc3420d",
            "a26e51a7-fd37-4a15-a540-0aa57e2637ff",
            "52d463f3-f359-45ff-97fb-00e073dd4db2",
            "f4ef1dad-ccd6-49ec-b261-02e779db296e",
            "539b2d06-bc93-49ef-871b-654e88fb705c",
            "396f6743-fe7d-41e0-b729-837a12eb419d",
            "4cf4a688-d470-442d-8473-74ee347dc224",
            "0b53329a-b525-493f-8d31-de7221de51be",
            "1e786009-767e-4f27-a77f-c8cf519800f2",
            "da6a3083-7c32-43c5-9d61-cbfc523ed899",
            "6d73f001-1461-4780-948f-bf5ae35397f7",
            "5665bda6-d5ee-4574-9896-c984cbdcc25e",
            "ba2b148d-5d83-4031-ae69-2931fd8c20bf",
            "7d29fef8-d888-4e91-8002-b307e0a0c2d0",
            "676f7527-22c0-449a-9973-8cc85fb478a3"
          ],
          "duration": 13701,
          "root": false,
          "rootEmpty": false,
          "_timeout": 2000
        }
      ],
      "passes": [],
      "failures": [],
      "pending": [],
      "skipped": [],
      "duration": 0,
      "root": true,
      "rootEmpty": true,
      "_timeout": 2000
    }
  ],
  "meta": {
    "mocha": {
      "version": "7.2.0"
    },
    "mochawesome": {
      "options": {
        "quiet": false,
        "reportFilename": "[datetime]-[status]-report",
        "saveHtml": false,
        "saveJson": true,
        "consoleReporter": "spec",
        "useInlineDiffs": false,
        "code": true
      },
      "version": "7.1.4"
    },
    "marge": {
      "options": {
        "reportDir": "cypress\\reports\\.jsons",
        "reportFilename": "[datetime]-[status]-report",
        "reportPageTitle": "PTB Automation Report",
        "charts": true,
        "embeddedScreenshots": true,
        "inlineAssets": true,
        "saveAllAttempts": false,
        "overwrite": false,
        "html": false,
        "json": true
      },
      "version": "6.3.2"
    }
  }
}